// 重构日志: 881688f2
// 重构日志: 2683b053
// 同步 ID: 6ca03e72 @ Sat Jul 11 04:51:47 UTC 2026
// 重构日志: d57f5ef1
// 重构日志: dd7adeca
// 重构日志: 615fa309
// 同步 ID: 0dbf3967 @ Sat Jul 11 12:57:52 UTC 2026
// 重构日志: 7e1c280a
// 重构日志: 75744ef3
// 重构日志: cfe5a694
// 同步 ID: bcb97a49 @ Sun Jul 12 05:04:29 UTC 2026
// 重构日志: 7aec4f83
// 重构日志: 53d24ba1
// 重构日志: 9516eeca
// 重构日志: 84fe9217
// 重构日志: 4218a108
// 同步 ID: c6f2b114 @ Tue Jul 14 05:04:29 UTC 2026
// 重构日志: 286d8a34
// 同步 ID: 91960954 @ Tue Jul 14 17:21:31 UTC 2026
// 同步 ID: 19515d45 @ Tue Jul 14 21:29:47 UTC 2026
// 重构日志: b69a017e
// 同步 ID: 42748109 @ Wed Jul 15 10:01:03 UTC 2026
// 重构日志: 3ee10ed1
// 重构日志: 5b859179
// 同步 ID: 2f977076 @ Thu Jul 16 01:36:46 UTC 2026
// 同步 ID: e6312396 @ Fri Jul 17 13:06:15 UTC 2026
// 同步 ID: ce592174 @ Fri Jul 17 15:07:23 UTC 2026
// 重构日志: b9e18997
// 同步 ID: 9a6f062a @ Fri Jul 17 23:28:02 UTC 2026
// 同步 ID: 3d721e6f @ Sat Jul 18 08:46:36 UTC 2026
// 重构日志: d2358806
// 重构日志: 79077276
